<?xml version="1.0" encoding="utf-8" standalone="no"?>
<!--This file represents the results of running a test suite-->
<test-results name="E:\第三方组件\B_并行框架\Disruptor-net-3.1.1\Disruptor -3.3.0 net 4.5\target\Atomic.Tests\Atomic.Tests.nunit" total="1" errors="0" failures="0" not-run="0" inconclusive="0" ignored="0" skipped="0" invalid="0" date="2015-06-28" time="20:47:16">
  <environment nunit-version="2.6.2.12296" clr-version="2.0.50727.5477" os-version="Microsoft Windows NT 6.1.7601 Service Pack 1" platform="Win32NT" cwd="E:\第三方组件\B_并行框架\Disruptor-net-3.1.1\Disruptor -3.3.0 net 4.5\target\Atomic.Tests" machine-name="NB0232" user="liguo" user-domain="NB0232" />
  <culture-info current-culture="zh-CN" current-uiculture="zh-CN" />
  <test-suite type="Project" name="E:\第三方组件\B_并行框架\Disruptor-net-3.1.1\Disruptor -3.3.0 net 4.5\target\Atomic.Tests\Atomic.Tests.nunit" executed="True" result="Success" success="True" time="42.031" asserts="0">
    <results>
      <test-suite type="Assembly" name="E:\第三方组件\B_并行框架\Disruptor-net-3.1.1\Disruptor -3.3.0 net 4.5\target\Atomic.Tests\Atomic.Tests.dll" executed="True" result="Success" success="True" time="42.031" asserts="0">
        <results>
          <test-suite type="Namespace" name="Atomic" executed="True" result="Success" success="True" time="42.031" asserts="0">
            <results>
              <test-suite type="Namespace" name="Tests" executed="True" result="Success" success="True" time="42.031" asserts="0">
                <results>
                  <test-suite type="TestFixture" name="VolatileLongTests" executed="True" result="Success" success="True" time="42.031" asserts="0">
                    <results>
                      <test-suite type="ParameterizedTest" name="WriteFullFenceChangesInitialValue" executed="True" result="Success" success="True" time="42.021" asserts="0">
                        <results>
                          <test-case name="Atomic.Tests.VolatileLongTests.WriteFullFenceChangesInitialValue(100000000)" executed="True" result="Success" success="True" time="42.021" asserts="100000001" />
                        </results>
                      </test-suite>
                    </results>
                  </test-suite>
                </results>
              </test-suite>
            </results>
          </test-suite>
        </results>
      </test-suite>
    </results>
  </test-suite>
</test-results>